Assembler report for DE2_Audio_Example
Sun Feb 18 21:09:48 2018
Quartus Prime Version 16.0.0 Build 211 04/27/2016 SJ Standard Edition


---------------------
; Table of Contents ;
---------------------
  1. Legal Notice
  2. Assembler Summary
  3. Assembler Settings
  4. Assembler Generated Files
  5. Assembler Device Options: C:/Users/ta/Desktop/Audio_Demo/DE2_Audio_Example.sof
  6. Assembler Messages



----------------
; Legal Notice ;
----------------
Copyright (C) 1991-2016 Altera Corporation. All rights reserved.
Your use of Altera Corporation's design tools, logic functions 
and other software and tools, and its AMPP partner logic 
functions, and any output files from any of the foregoing 
(including device programming or simulation files), and any 
associated documentation or information are expressly subject 
to the terms and conditions of the Altera Program License 
Subscription Agreement, the Altera Quartus Prime License Agreement,
the Altera MegaCore Function License Agreement, or other 
applicable license agreement, including, without limitation, 
that your use is for the sole purpose of programming logic 
devices manufactured by Altera and sold by Altera or its 
authorized distributors.  Please refer to the applicable 
agreement for further details.



+---------------------------------------------------------------+
; Assembler Summary                                             ;
+-----------------------+---------------------------------------+
; Assembler Status      ; Successful - Sun Feb 18 21:09:48 2018 ;
; Revision Name         ; DE2_Audio_Example                     ;
; Top-level Entity Name ; DE2_Audio_Example                     ;
; Family                ; Cyclone IV E                          ;
; Device                ; EP4CE115F29C7                         ;
+-----------------------+---------------------------------------+


+----------------------------------+
; Assembler Settings               ;
+--------+---------+---------------+
; Option ; Setting ; Default Value ;
+--------+---------+---------------+


+------------------------------------------------------+
; Assembler Generated Files                            ;
+------------------------------------------------------+
; File Name                                            ;
+------------------------------------------------------+
; C:/Users/ta/Desktop/Audio_Demo/DE2_Audio_Example.sof ;
+------------------------------------------------------+


+--------------------------------------------------------------------------------+
; Assembler Device Options: C:/Users/ta/Desktop/Audio_Demo/DE2_Audio_Example.sof ;
+----------------+---------------------------------------------------------------+
; Option         ; Setting                                                       ;
+----------------+---------------------------------------------------------------+
; Device         ; EP4CE115F29C7                                                 ;
; JTAG usercode  ; 0xFFFFFFFF                                                    ;
; Checksum       ; 0x005A74D3                                                    ;
+----------------+---------------------------------------------------------------+


+--------------------+
; Assembler Messages ;
+--------------------+
Info: *******************************************************************
Info: Running Quartus Prime Assembler
    Info: Version 16.0.0 Build 211 04/27/2016 SJ Standard Edition
    Info: Processing started: Sun Feb 18 21:09:40 2018
Info: Command: quartus_asm --read_settings_files=off --write_settings_files=off DE2_Audio_Example -c DE2_Audio_Example
Warning (125092): Tcl Script File reallow.qip not found
    Info (125063): set_global_assignment -name QIP_FILE reallow.qip
Info (115031): Writing out detailed assembly data for power analysis
Info (115030): Assembler is generating device programming files
Info: Quartus Prime Assembler was successful. 0 errors, 1 warning
    Info: Peak virtual memory: 811 megabytes
    Info: Processing ended: Sun Feb 18 21:09:48 2018
    Info: Elapsed time: 00:00:08
    Info: Total CPU time (on all processors): 00:00:03


