Analysis & Synthesis report for random_trace_generation
Mon Dec 03 03:59:43 2018
Quartus Prime Version 16.0.0 Build 211 04/27/2016 SJ Lite Edition


---------------------
; Table of Contents ;
---------------------
  1. Legal Notice
  2. Analysis & Synthesis Summary
  3. Analysis & Synthesis Settings
  4. Analysis & Synthesis Source Files Read
  5. Analysis & Synthesis Resource Usage Summary
  6. Analysis & Synthesis Resource Utilization by Entity
  7. General Register Statistics
  8. Parameter Settings for Inferred Entity Instance: lpm_divide:Div0
  9. Post-Synthesis Netlist Statistics for Top Partition
 10. Elapsed Time Per Partition
 11. Analysis & Synthesis Messages
 12. Analysis & Synthesis Suppressed Messages



----------------
; Legal Notice ;
----------------
Copyright (C) 1991-2016 Altera Corporation. All rights reserved.
Your use of Altera Corporation's design tools, logic functions 
and other software and tools, and its AMPP partner logic 
functions, and any output files from any of the foregoing 
(including device programming or simulation files), and any 
associated documentation or information are expressly subject 
to the terms and conditions of the Altera Program License 
Subscription Agreement, the Altera Quartus Prime License Agreement,
the Altera MegaCore Function License Agreement, or other 
applicable license agreement, including, without limitation, 
that your use is for the sole purpose of programming logic 
devices manufactured by Altera and sold by Altera or its 
authorized distributors.  Please refer to the applicable 
agreement for further details.



+----------------------------------------------------------------------------------+
; Analysis & Synthesis Summary                                                     ;
+------------------------------------+---------------------------------------------+
; Analysis & Synthesis Status        ; Successful - Mon Dec 03 03:59:43 2018       ;
; Quartus Prime Version              ; 16.0.0 Build 211 04/27/2016 SJ Lite Edition ;
; Revision Name                      ; random_trace_generation                     ;
; Top-level Entity Name              ; random_trace_generation                     ;
; Family                             ; Cyclone IV E                                ;
; Total logic elements               ; 749                                         ;
;     Total combinational functions  ; 749                                         ;
;     Dedicated logic registers      ; 49                                          ;
; Total registers                    ; 49                                          ;
; Total pins                         ; 20                                          ;
; Total virtual pins                 ; 0                                           ;
; Total memory bits                  ; 0                                           ;
; Embedded Multiplier 9-bit elements ; 0                                           ;
; Total PLLs                         ; 0                                           ;
+------------------------------------+---------------------------------------------+


+--------------------------------------------------------------------------------------------------------------------------------+
; Analysis & Synthesis Settings                                                                                                  ;
+----------------------------------------------------------------------------+-------------------------+-------------------------+
; Option                                                                     ; Setting                 ; Default Value           ;
+----------------------------------------------------------------------------+-------------------------+-------------------------+
; Device                                                                     ; EP4CE115F29C7           ;                         ;
; Top-level entity name                                                      ; random_trace_generation ; random_trace_generation ;
; Family name                                                                ; Cyclone IV E            ; Cyclone V               ;
; Use smart compilation                                                      ; Off                     ; Off                     ;
; Enable parallel Assembler and TimeQuest Timing Analyzer during compilation ; On                      ; On                      ;
; Enable compact report table                                                ; Off                     ; Off                     ;
; Restructure Multiplexers                                                   ; Auto                    ; Auto                    ;
; Create Debugging Nodes for IP Cores                                        ; Off                     ; Off                     ;
; Preserve fewer node names                                                  ; On                      ; On                      ;
; Disable OpenCore Plus hardware evaluation                                  ; Off                     ; Off                     ;
; Verilog Version                                                            ; Verilog_2001            ; Verilog_2001            ;
; VHDL Version                                                               ; VHDL_1993               ; VHDL_1993               ;
; State Machine Processing                                                   ; Auto                    ; Auto                    ;
; Safe State Machine                                                         ; Off                     ; Off                     ;
; Extract Verilog State Machines                                             ; On                      ; On                      ;
; Extract VHDL State Machines                                                ; On                      ; On                      ;
; Ignore Verilog initial constructs                                          ; Off                     ; Off                     ;
; Iteration limit for constant Verilog loops                                 ; 5000                    ; 5000                    ;
; Iteration limit for non-constant Verilog loops                             ; 250                     ; 250                     ;
; Add Pass-Through Logic to Inferred RAMs                                    ; On                      ; On                      ;
; Infer RAMs from Raw Logic                                                  ; On                      ; On                      ;
; Parallel Synthesis                                                         ; On                      ; On                      ;
; DSP Block Balancing                                                        ; Auto                    ; Auto                    ;
; NOT Gate Push-Back                                                         ; On                      ; On                      ;
; Power-Up Don't Care                                                        ; On                      ; On                      ;
; Remove Redundant Logic Cells                                               ; Off                     ; Off                     ;
; Remove Duplicate Registers                                                 ; On                      ; On                      ;
; Ignore CARRY Buffers                                                       ; Off                     ; Off                     ;
; Ignore CASCADE Buffers                                                     ; Off                     ; Off                     ;
; Ignore GLOBAL Buffers                                                      ; Off                     ; Off                     ;
; Ignore ROW GLOBAL Buffers                                                  ; Off                     ; Off                     ;
; Ignore LCELL Buffers                                                       ; Off                     ; Off                     ;
; Ignore SOFT Buffers                                                        ; On                      ; On                      ;
; Limit AHDL Integers to 32 Bits                                             ; Off                     ; Off                     ;
; Optimization Technique                                                     ; Balanced                ; Balanced                ;
; Carry Chain Length                                                         ; 70                      ; 70                      ;
; Auto Carry Chains                                                          ; On                      ; On                      ;
; Auto Open-Drain Pins                                                       ; On                      ; On                      ;
; Perform WYSIWYG Primitive Resynthesis                                      ; Off                     ; Off                     ;
; Auto ROM Replacement                                                       ; On                      ; On                      ;
; Auto RAM Replacement                                                       ; On                      ; On                      ;
; Auto DSP Block Replacement                                                 ; On                      ; On                      ;
; Auto Shift Register Replacement                                            ; Auto                    ; Auto                    ;
; Allow Shift Register Merging across Hierarchies                            ; Auto                    ; Auto                    ;
; Auto Clock Enable Replacement                                              ; On                      ; On                      ;
; Strict RAM Replacement                                                     ; Off                     ; Off                     ;
; Allow Synchronous Control Signals                                          ; On                      ; On                      ;
; Force Use of Synchronous Clear Signals                                     ; Off                     ; Off                     ;
; Auto RAM Block Balancing                                                   ; On                      ; On                      ;
; Auto RAM to Logic Cell Conversion                                          ; Off                     ; Off                     ;
; Auto Resource Sharing                                                      ; Off                     ; Off                     ;
; Allow Any RAM Size For Recognition                                         ; Off                     ; Off                     ;
; Allow Any ROM Size For Recognition                                         ; Off                     ; Off                     ;
; Allow Any Shift Register Size For Recognition                              ; Off                     ; Off                     ;
; Use LogicLock Constraints during Resource Balancing                        ; On                      ; On                      ;
; Ignore translate_off and synthesis_off directives                          ; Off                     ; Off                     ;
; Timing-Driven Synthesis                                                    ; On                      ; On                      ;
; Report Parameter Settings                                                  ; On                      ; On                      ;
; Report Source Assignments                                                  ; On                      ; On                      ;
; Report Connectivity Checks                                                 ; On                      ; On                      ;
; Ignore Maximum Fan-Out Assignments                                         ; Off                     ; Off                     ;
; Synchronization Register Chain Length                                      ; 2                       ; 2                       ;
; PowerPlay Power Optimization During Synthesis                              ; Normal compilation      ; Normal compilation      ;
; HDL message level                                                          ; Level2                  ; Level2                  ;
; Suppress Register Optimization Related Messages                            ; Off                     ; Off                     ;
; Number of Removed Registers Reported in Synthesis Report                   ; 5000                    ; 5000                    ;
; Number of Swept Nodes Reported in Synthesis Report                         ; 5000                    ; 5000                    ;
; Number of Inverted Registers Reported in Synthesis Report                  ; 100                     ; 100                     ;
; Clock MUX Protection                                                       ; On                      ; On                      ;
; Auto Gated Clock Conversion                                                ; Off                     ; Off                     ;
; Block Design Naming                                                        ; Auto                    ; Auto                    ;
; SDC constraint protection                                                  ; Off                     ; Off                     ;
; Synthesis Effort                                                           ; Auto                    ; Auto                    ;
; Shift Register Replacement - Allow Asynchronous Clear Signal               ; On                      ; On                      ;
; Pre-Mapping Resynthesis Optimization                                       ; Off                     ; Off                     ;
; Analysis & Synthesis Message Level                                         ; Medium                  ; Medium                  ;
; Disable Register Merging Across Hierarchies                                ; Auto                    ; Auto                    ;
; Resource Aware Inference For Block RAM                                     ; On                      ; On                      ;
; Synthesis Seed                                                             ; 1                       ; 1                       ;
+----------------------------------------------------------------------------+-------------------------+-------------------------+


+------------------------------------------------------------------------------------------------------------------------------------------------------------------------------------------+
; Analysis & Synthesis Source Files Read                                                                                                                                                   ;
+----------------------------------+-----------------+------------------------------+--------------------------------------------------------------------------------------------+---------+
; File Name with User-Entered Path ; Used in Netlist ; File Type                    ; File Name with Absolute Path                                                               ; Library ;
+----------------------------------+-----------------+------------------------------+--------------------------------------------------------------------------------------------+---------+
; random_trace_generation.v        ; yes             ; User Verilog HDL File        ; C:/Users/Natalia/Documents/GitHub/final-project-s18-nat-mar-stef/random_trace_generation.v ;         ;
; lpm_divide.tdf                   ; yes             ; Megafunction                 ; c:/altera_lite/16.0/quartus/libraries/megafunctions/lpm_divide.tdf                         ;         ;
; abs_divider.inc                  ; yes             ; Megafunction                 ; c:/altera_lite/16.0/quartus/libraries/megafunctions/abs_divider.inc                        ;         ;
; sign_div_unsign.inc              ; yes             ; Megafunction                 ; c:/altera_lite/16.0/quartus/libraries/megafunctions/sign_div_unsign.inc                    ;         ;
; aglobal160.inc                   ; yes             ; Megafunction                 ; c:/altera_lite/16.0/quartus/libraries/megafunctions/aglobal160.inc                         ;         ;
; db/lpm_divide_p0p.tdf            ; yes             ; Auto-Generated Megafunction  ; C:/Users/Natalia/Documents/GitHub/final-project-s18-nat-mar-stef/db/lpm_divide_p0p.tdf     ;         ;
; db/abs_divider_kbg.tdf           ; yes             ; Auto-Generated Megafunction  ; C:/Users/Natalia/Documents/GitHub/final-project-s18-nat-mar-stef/db/abs_divider_kbg.tdf    ;         ;
; db/alt_u_div_67f.tdf             ; yes             ; Auto-Generated Megafunction  ; C:/Users/Natalia/Documents/GitHub/final-project-s18-nat-mar-stef/db/alt_u_div_67f.tdf      ;         ;
; db/add_sub_7pc.tdf               ; yes             ; Auto-Generated Megafunction  ; C:/Users/Natalia/Documents/GitHub/final-project-s18-nat-mar-stef/db/add_sub_7pc.tdf        ;         ;
; db/add_sub_8pc.tdf               ; yes             ; Auto-Generated Megafunction  ; C:/Users/Natalia/Documents/GitHub/final-project-s18-nat-mar-stef/db/add_sub_8pc.tdf        ;         ;
; db/lpm_abs_2v9.tdf               ; yes             ; Auto-Generated Megafunction  ; C:/Users/Natalia/Documents/GitHub/final-project-s18-nat-mar-stef/db/lpm_abs_2v9.tdf        ;         ;
; db/lpm_abs_i0a.tdf               ; yes             ; Auto-Generated Megafunction  ; C:/Users/Natalia/Documents/GitHub/final-project-s18-nat-mar-stef/db/lpm_abs_i0a.tdf        ;         ;
+----------------------------------+-----------------+------------------------------+--------------------------------------------------------------------------------------------+---------+


+-----------------------------------------------------+
; Analysis & Synthesis Resource Usage Summary         ;
+---------------------------------------------+-------+
; Resource                                    ; Usage ;
+---------------------------------------------+-------+
; Estimated Total logic elements              ; 749   ;
;                                             ;       ;
; Total combinational functions               ; 749   ;
; Logic element usage by number of LUT inputs ;       ;
;     -- 4 input functions                    ; 273   ;
;     -- 3 input functions                    ; 133   ;
;     -- <=2 input functions                  ; 343   ;
;                                             ;       ;
; Logic elements by mode                      ;       ;
;     -- normal mode                          ; 517   ;
;     -- arithmetic mode                      ; 232   ;
;                                             ;       ;
; Total registers                             ; 49    ;
;     -- Dedicated logic registers            ; 49    ;
;     -- I/O registers                        ; 0     ;
;                                             ;       ;
; I/O pins                                    ; 20    ;
;                                             ;       ;
; Embedded Multiplier 9-bit elements          ; 0     ;
;                                             ;       ;
; Maximum fan-out node                        ; k[31] ;
; Maximum fan-out                             ; 103   ;
; Total fan-out                               ; 2247  ;
; Average fan-out                             ; 2.68  ;
+---------------------------------------------+-------+


+--------------------------------------------------------------------------------------------------------------------------------------------------------------------------------------------------------------------------------------------------------------------------------------------------------------------+
; Analysis & Synthesis Resource Utilization by Entity                                                                                                                                                                                                                                                                ;
+---------------------------------------+-------------------+--------------+-------------+--------------+---------+-----------+------+--------------+-----------------------------------------------------------------------------------------------------------------------+-------------------------+--------------+
; Compilation Hierarchy Node            ; LC Combinationals ; LC Registers ; Memory Bits ; DSP Elements ; DSP 9x9 ; DSP 18x18 ; Pins ; Virtual Pins ; Full Hierarchy Name                                                                                                   ; Entity Name             ; Library Name ;
+---------------------------------------+-------------------+--------------+-------------+--------------+---------+-----------+------+--------------+-----------------------------------------------------------------------------------------------------------------------+-------------------------+--------------+
; |random_trace_generation              ; 749 (235)         ; 49 (49)      ; 0           ; 0            ; 0       ; 0         ; 20   ; 0            ; |random_trace_generation                                                                                              ; random_trace_generation ; work         ;
;    |lpm_divide:Div0|                  ; 514 (0)           ; 0 (0)        ; 0           ; 0            ; 0       ; 0         ; 0    ; 0            ; |random_trace_generation|lpm_divide:Div0                                                                              ; lpm_divide              ; work         ;
;       |lpm_divide_p0p:auto_generated| ; 514 (0)           ; 0 (0)        ; 0           ; 0            ; 0       ; 0         ; 0    ; 0            ; |random_trace_generation|lpm_divide:Div0|lpm_divide_p0p:auto_generated                                                ; lpm_divide_p0p          ; work         ;
;          |abs_divider_kbg:divider|    ; 514 (31)          ; 0 (0)        ; 0           ; 0            ; 0       ; 0         ; 0    ; 0            ; |random_trace_generation|lpm_divide:Div0|lpm_divide_p0p:auto_generated|abs_divider_kbg:divider                        ; abs_divider_kbg         ; work         ;
;             |alt_u_div_67f:divider|   ; 436 (436)         ; 0 (0)        ; 0           ; 0            ; 0       ; 0         ; 0    ; 0            ; |random_trace_generation|lpm_divide:Div0|lpm_divide_p0p:auto_generated|abs_divider_kbg:divider|alt_u_div_67f:divider  ; alt_u_div_67f           ; work         ;
;             |lpm_abs_i0a:my_abs_num|  ; 47 (47)           ; 0 (0)        ; 0           ; 0            ; 0       ; 0         ; 0    ; 0            ; |random_trace_generation|lpm_divide:Div0|lpm_divide_p0p:auto_generated|abs_divider_kbg:divider|lpm_abs_i0a:my_abs_num ; lpm_abs_i0a             ; work         ;
+---------------------------------------+-------------------+--------------+-------------+--------------+---------+-----------+------+--------------+-----------------------------------------------------------------------------------------------------------------------+-------------------------+--------------+
Note: For table entries with two numbers listed, the numbers in parentheses indicate the number of resources of the given type used by the specific entity alone. The numbers listed outside of parentheses indicate the total resources of the given type used by the specific entity and all of its sub-entities in the hierarchy.


+------------------------------------------------------+
; General Register Statistics                          ;
+----------------------------------------------+-------+
; Statistic                                    ; Value ;
+----------------------------------------------+-------+
; Total registers                              ; 49    ;
; Number of registers using Synchronous Clear  ; 0     ;
; Number of registers using Synchronous Load   ; 0     ;
; Number of registers using Asynchronous Clear ; 0     ;
; Number of registers using Asynchronous Load  ; 0     ;
; Number of registers using Clock Enable       ; 0     ;
; Number of registers using Preset             ; 0     ;
+----------------------------------------------+-------+


+------------------------------------------------------------------+
; Parameter Settings for Inferred Entity Instance: lpm_divide:Div0 ;
+------------------------+----------------+------------------------+
; Parameter Name         ; Value          ; Type                   ;
+------------------------+----------------+------------------------+
; LPM_WIDTHN             ; 32             ; Untyped                ;
; LPM_WIDTHD             ; 5              ; Untyped                ;
; LPM_NREPRESENTATION    ; SIGNED         ; Untyped                ;
; LPM_DREPRESENTATION    ; SIGNED         ; Untyped                ;
; LPM_PIPELINE           ; 0              ; Untyped                ;
; LPM_REMAINDERPOSITIVE  ; FALSE          ; Untyped                ;
; MAXIMIZE_SPEED         ; 5              ; Untyped                ;
; CBXI_PARAMETER         ; lpm_divide_p0p ; Untyped                ;
; CARRY_CHAIN            ; MANUAL         ; Untyped                ;
; OPTIMIZE_FOR_SPEED     ; 5              ; Untyped                ;
; AUTO_CARRY_CHAINS      ; ON             ; AUTO_CARRY             ;
; IGNORE_CARRY_BUFFERS   ; OFF            ; IGNORE_CARRY           ;
; AUTO_CASCADE_CHAINS    ; ON             ; AUTO_CASCADE           ;
; IGNORE_CASCADE_BUFFERS ; OFF            ; IGNORE_CASCADE         ;
+------------------------+----------------+------------------------+
Note: In order to hide this table in the UI and the text report file, please set the "Show Parameter Settings in Synthesis Report" option in "Analysis and Synthesis Settings -> More Settings" to "Off".


+-----------------------------------------------------+
; Post-Synthesis Netlist Statistics for Top Partition ;
+-----------------------+-----------------------------+
; Type                  ; Count                       ;
+-----------------------+-----------------------------+
; boundary_port         ; 20                          ;
; cycloneiii_ff         ; 49                          ;
;     plain             ; 49                          ;
; cycloneiii_lcell_comb ; 749                         ;
;     arith             ; 232                         ;
;         1 data inputs ; 1                           ;
;         2 data inputs ; 116                         ;
;         3 data inputs ; 115                         ;
;     normal            ; 517                         ;
;         0 data inputs ; 30                          ;
;         1 data inputs ; 4                           ;
;         2 data inputs ; 192                         ;
;         3 data inputs ; 18                          ;
;         4 data inputs ; 273                         ;
;                       ;                             ;
; Max LUT depth         ; 90.30                       ;
; Average LUT depth     ; 66.14                       ;
+-----------------------+-----------------------------+


+-------------------------------+
; Elapsed Time Per Partition    ;
+----------------+--------------+
; Partition Name ; Elapsed Time ;
+----------------+--------------+
; Top            ; 00:00:02     ;
+----------------+--------------+


+-------------------------------+
; Analysis & Synthesis Messages ;
+-------------------------------+
Info: *******************************************************************
Info: Running Quartus Prime Analysis & Synthesis
    Info: Version 16.0.0 Build 211 04/27/2016 SJ Lite Edition
    Info: Processing started: Mon Dec 03 03:59:14 2018
Info: Command: quartus_map --read_settings_files=on --write_settings_files=off random_trace_generation -c random_trace_generation
Warning (20028): Parallel compilation is not licensed and has been disabled
Warning (10261): Verilog HDL Event Control warning at random_trace_generation.v(18): Event Control contains a complex event expression File: C:/Users/Natalia/Documents/GitHub/final-project-s18-nat-mar-stef/random_trace_generation.v Line: 18
Info (12021): Found 1 design units, including 1 entities, in source file random_trace_generation.v
    Info (12023): Found entity 1: random_trace_generation File: C:/Users/Natalia/Documents/GitHub/final-project-s18-nat-mar-stef/random_trace_generation.v Line: 1
Info (12127): Elaborating entity "random_trace_generation" for the top level hierarchy
Info (278001): Inferred 1 megafunctions from design logic
    Info (278004): Inferred divider/modulo megafunction ("lpm_divide") from the following logic: "Div0" File: C:/Users/Natalia/Documents/GitHub/final-project-s18-nat-mar-stef/random_trace_generation.v Line: 49
Info (12130): Elaborated megafunction instantiation "lpm_divide:Div0" File: C:/Users/Natalia/Documents/GitHub/final-project-s18-nat-mar-stef/random_trace_generation.v Line: 49
Info (12133): Instantiated megafunction "lpm_divide:Div0" with the following parameter: File: C:/Users/Natalia/Documents/GitHub/final-project-s18-nat-mar-stef/random_trace_generation.v Line: 49
    Info (12134): Parameter "LPM_WIDTHN" = "32"
    Info (12134): Parameter "LPM_WIDTHD" = "5"
    Info (12134): Parameter "LPM_NREPRESENTATION" = "SIGNED"
    Info (12134): Parameter "LPM_DREPRESENTATION" = "SIGNED"
    Info (12134): Parameter "LPM_HINT" = "LPM_REMAINDERPOSITIVE=FALSE"
Info (12021): Found 1 design units, including 1 entities, in source file db/lpm_divide_p0p.tdf
    Info (12023): Found entity 1: lpm_divide_p0p File: C:/Users/Natalia/Documents/GitHub/final-project-s18-nat-mar-stef/db/lpm_divide_p0p.tdf Line: 25
Info (12021): Found 1 design units, including 1 entities, in source file db/abs_divider_kbg.tdf
    Info (12023): Found entity 1: abs_divider_kbg File: C:/Users/Natalia/Documents/GitHub/final-project-s18-nat-mar-stef/db/abs_divider_kbg.tdf Line: 29
Info (12021): Found 1 design units, including 1 entities, in source file db/alt_u_div_67f.tdf
    Info (12023): Found entity 1: alt_u_div_67f File: C:/Users/Natalia/Documents/GitHub/final-project-s18-nat-mar-stef/db/alt_u_div_67f.tdf Line: 27
Info (12021): Found 1 design units, including 1 entities, in source file db/add_sub_7pc.tdf
    Info (12023): Found entity 1: add_sub_7pc File: C:/Users/Natalia/Documents/GitHub/final-project-s18-nat-mar-stef/db/add_sub_7pc.tdf Line: 23
Info (12021): Found 1 design units, including 1 entities, in source file db/add_sub_8pc.tdf
    Info (12023): Found entity 1: add_sub_8pc File: C:/Users/Natalia/Documents/GitHub/final-project-s18-nat-mar-stef/db/add_sub_8pc.tdf Line: 23
Info (12021): Found 1 design units, including 1 entities, in source file db/lpm_abs_2v9.tdf
    Info (12023): Found entity 1: lpm_abs_2v9 File: C:/Users/Natalia/Documents/GitHub/final-project-s18-nat-mar-stef/db/lpm_abs_2v9.tdf Line: 25
Info (12021): Found 1 design units, including 1 entities, in source file db/lpm_abs_i0a.tdf
    Info (12023): Found entity 1: lpm_abs_i0a File: C:/Users/Natalia/Documents/GitHub/final-project-s18-nat-mar-stef/db/lpm_abs_i0a.tdf Line: 25
Info (13014): Ignored 31 buffer(s)
    Info (13016): Ignored 31 CARRY_SUM buffer(s)
Info (286030): Timing-Driven Synthesis is running
Info (144001): Generated suppressed messages file C:/Users/Natalia/Documents/GitHub/final-project-s18-nat-mar-stef/output_files/random_trace_generation.map.smsg
Info (16010): Generating hard_block partition "hard_block:auto_generated_inst"
    Info (16011): Adding 0 node(s), including 0 DDIO, 0 PLL, 0 transceiver and 0 LCELL
Warning (21074): Design contains 1 input pin(s) that do not drive logic
    Warning (15610): No output dependent on input pin "trace_saved" File: C:/Users/Natalia/Documents/GitHub/final-project-s18-nat-mar-stef/random_trace_generation.v Line: 4
Info (21057): Implemented 770 device resources after synthesis - the final resource count might be different
    Info (21058): Implemented 3 input pins
    Info (21059): Implemented 17 output pins
    Info (21061): Implemented 750 logic cells
Info: Quartus Prime Analysis & Synthesis was successful. 0 errors, 4 warnings
    Info: Peak virtual memory: 4966 megabytes
    Info: Processing ended: Mon Dec 03 03:59:43 2018
    Info: Elapsed time: 00:00:29
    Info: Total CPU time (on all processors): 00:00:27


+------------------------------------------+
; Analysis & Synthesis Suppressed Messages ;
+------------------------------------------+
The suppressed messages can be found in C:/Users/Natalia/Documents/GitHub/final-project-s18-nat-mar-stef/output_files/random_trace_generation.map.smsg.


